<?xml version="1.0" encoding="UTF-8"?>
<!-- Generated by org.testng.reporters.JUnitReportReporter -->
<testsuite hostname="MSI" failures="0" tests="18" name="dao.RelationshipsDAOTests" time="16.900" errors="0" timestamp="2022-01-12T12:18:52 PST" skipped="0">
  <testcase classname="dao.RelationshipsDAOTests" name="getFollowersByNonExistingUserId" time="0.920"/>
  <system-out/>
  <testcase classname="dao.RelationshipsDAOTests" name="followByIdsNonExistingTargetId" time="1.067"/>
  <system-out/>
  <testcase classname="dao.RelationshipsDAOTests" name="likeByIdsNonExistingUserId" time="0.930"/>
  <system-out/>
  <testcase classname="dao.RelationshipsDAOTests" name="unlikeByIdsNonExistingUserId" time="0.916"/>
  <system-out/>
  <testcase classname="dao.RelationshipsDAOTests" name="followByIds" time="0.923"/>
  <system-out/>
  <testcase classname="dao.RelationshipsDAOTests" name="getFollowingByNonExistingUserId" time="0.941"/>
  <system-out/>
  <testcase classname="dao.RelationshipsDAOTests" name="followByIdsNonExistingMyId" time="0.930"/>
  <system-out/>
  <testcase classname="dao.RelationshipsDAOTests" name="getLikesByPostId" time="0.951"/>
  <system-out/>
  <testcase classname="dao.RelationshipsDAOTests" name="getLikesByNonExistingPostId" time="0.935"/>
  <system-out/>
  <testcase classname="dao.RelationshipsDAOTests" name="unlikeByIdsNonExistingPostId" time="0.933"/>
  <system-out/>
  <testcase classname="dao.RelationshipsDAOTests" name="unfollowByIds" time="0.930"/>
  <system-out/>
  <testcase classname="dao.RelationshipsDAOTests" name="unfollowByIdsNonExistingTargetId" time="0.935"/>
  <system-out/>
  <testcase classname="dao.RelationshipsDAOTests" name="likeByIds" time="0.933"/>
  <system-out/>
  <testcase classname="dao.RelationshipsDAOTests" name="unfollowByIdsNonExistingMyId" time="0.938"/>
  <system-out/>
  <testcase classname="dao.RelationshipsDAOTests" name="getFollowersByUserId" time="0.927"/>
  <system-out/>
  <testcase classname="dao.RelationshipsDAOTests" name="getFollowingByUserId" time="0.927"/>
  <system-out/>
  <testcase classname="dao.RelationshipsDAOTests" name="unlikeByIds" time="0.937"/>
  <system-out/>
  <testcase classname="dao.RelationshipsDAOTests" name="likeByIdsNonExistingPostId" time="0.927"/>
  <system-out/>
</testsuite> <!-- dao.RelationshipsDAOTests -->
