<?xml version="1.0" encoding="UTF-8"?>
<!-- Generated by org.testng.reporters.JUnitReportReporter -->
<testsuite hostname="MSI" failures="0" tests="6" name="dao.CommentDAOTests" time="6.155" errors="0" timestamp="2022-01-12T11:34:54 PST" skipped="0">
  <testcase classname="dao.CommentDAOTests" name="getAllComments" time="0.976"/>
  <system-out/>
  <testcase classname="dao.CommentDAOTests" name="selectCommentById" time="0.969"/>
  <system-out/>
  <testcase classname="dao.CommentDAOTests" name="deleteCommentById" time="1.010"/>
  <system-out/>
  <testcase classname="dao.CommentDAOTests" name="createComment" time="1.233"/>
  <system-out/>
  <testcase classname="dao.CommentDAOTests" name="getCommentsByPostId" time="0.976"/>
  <system-out/>
  <testcase classname="dao.CommentDAOTests" name="selectCommentByIdFail" time="0.991"/>
  <system-out/>
</testsuite> <!-- dao.CommentDAOTests -->
