<?xml version="1.0" encoding="UTF-8"?>
<!-- Generated by org.testng.reporters.JUnitReportReporter -->
<testsuite hostname="MSI" failures="0" tests="8" name="dao.PostDAOTests" time="8.171" errors="0" timestamp="2022-01-12T11:34:54 PST" skipped="0">
  <testcase classname="dao.PostDAOTests" name="deletePostsByPostId" time="1.103"/>
  <system-out/>
  <testcase classname="dao.PostDAOTests" name="getPostById" time="1.061"/>
  <system-out/>
  <testcase classname="dao.PostDAOTests" name="getPostsByUserId" time="0.954"/>
  <system-out/>
  <testcase classname="dao.PostDAOTests" name="createPostWrongUserId" time="1.022"/>
  <system-out/>
  <testcase classname="dao.PostDAOTests" name="getPostsByNonExistingUserId" time="0.970"/>
  <system-out/>
  <testcase classname="dao.PostDAOTests" name="getPostByNonExistingId" time="0.964"/>
  <system-out/>
  <testcase classname="dao.PostDAOTests" name="createPost" time="0.955"/>
  <system-out/>
  <testcase classname="dao.PostDAOTests" name="getAllPosts" time="1.142"/>
  <system-out/>
</testsuite> <!-- dao.PostDAOTests -->
