<?xml version="1.0" encoding="UTF-8"?>
<!-- Generated by org.testng.reporters.JUnitReportReporter -->
<testsuite hostname="MSI" failures="0" tests="8" name="dao.PostDAOTests" time="7.645" errors="0" timestamp="2022-01-12T12:18:52 PST" skipped="0">
  <testcase classname="dao.PostDAOTests" name="getPostsByNonExistingUserId" time="0.925"/>
  <system-out/>
  <testcase classname="dao.PostDAOTests" name="getPostByNonExistingId" time="0.926"/>
  <system-out/>
  <testcase classname="dao.PostDAOTests" name="createPostWrongUserId" time="0.928"/>
  <system-out/>
  <testcase classname="dao.PostDAOTests" name="createPost" time="1.090"/>
  <system-out/>
  <testcase classname="dao.PostDAOTests" name="getPostsByUserId" time="0.931"/>
  <system-out/>
  <testcase classname="dao.PostDAOTests" name="getPostById" time="0.926"/>
  <system-out/>
  <testcase classname="dao.PostDAOTests" name="deletePostsByPostId" time="0.935"/>
  <system-out/>
  <testcase classname="dao.PostDAOTests" name="getAllPosts" time="0.984"/>
  <system-out/>
</testsuite> <!-- dao.PostDAOTests -->
