<?xml version="1.0" encoding="UTF-8"?>
<!-- Generated by org.testng.reporters.JUnitReportReporter -->
<testsuite hostname="MSI" failures="0" tests="30" name="service.UserServiceTests" time="0.002" errors="0" timestamp="2022-01-12T12:18:52 PST" skipped="0">
  <testcase classname="service.UserServiceTests" name="serviceRequestLoginLongUserNameAndPassword" time="0.000"/>
  <system-out/>
  <testcase classname="service.UserServiceTests" name="testServiceCreateAccountEmptyEmail" time="0.001"/>
  <system-out/>
  <testcase classname="service.UserServiceTests" name="testServiceEditUserInformationByIdLongLastName" time="0.000"/>
  <system-out/>
  <testcase classname="service.UserServiceTests" name="testServiceGetUserByIdNegativeId" time="0.000"/>
  <system-out/>
  <testcase classname="service.UserServiceTests" name="testServiceCreateAccountLongLastName" time="0.000"/>
  <system-out/>
  <testcase classname="service.UserServiceTests" name="testServiceEditUserInformationByIdLongFirstName" time="0.000"/>
  <system-out/>
  <testcase classname="service.UserServiceTests" name="testServiceCreateAccountLongPassword" time="0.000"/>
  <system-out/>
  <testcase classname="service.UserServiceTests" name="testServiceCreateAccountLongEmail" time="0.000"/>
  <system-out/>
  <testcase classname="service.UserServiceTests" name="testServiceEditUserInformationByIdEmptyEmail" time="0.000"/>
  <system-out/>
  <testcase classname="service.UserServiceTests" name="serviceRequestLoginEmptyPassword" time="0.000"/>
  <system-out/>
  <testcase classname="service.UserServiceTests" name="testServiceGetUserByFirstNameLongFirstName" time="0.000"/>
  <system-out/>
  <testcase classname="service.UserServiceTests" name="serviceRequestLoginEmptyUserName" time="0.000"/>
  <system-out/>
  <testcase classname="service.UserServiceTests" name="serviceRequestLoginLongUserName" time="0.000"/>
  <system-out/>
  <testcase classname="service.UserServiceTests" name="serviceRequestLoginLongPassword" time="0.000"/>
  <system-out/>
  <testcase classname="service.UserServiceTests" name="testServiceEditUserInformationByIdEmptyUserName" time="0.000"/>
  <system-out/>
  <testcase classname="service.UserServiceTests" name="testServiceEditUserInformationByIdNegativeId" time="0.000"/>
  <system-out/>
  <testcase classname="service.UserServiceTests" name="testServiceCreateAccountEmptyPassword" time="0.000"/>
  <system-out/>
  <testcase classname="service.UserServiceTests" name="testServiceCreateAccountLongFirstName" time="0.000"/>
  <system-out/>
  <testcase classname="service.UserServiceTests" name="testServiceGetUserByFirstNameEmptyFirstName" time="0.000"/>
  <system-out/>
  <testcase classname="service.UserServiceTests" name="testServiceCreateAccountLongUserName" time="0.000"/>
  <system-out/>
  <testcase classname="service.UserServiceTests" name="testServiceDeleteUserByIdNegativeId" time="0.000"/>
  <system-out/>
  <testcase classname="service.UserServiceTests" name="testServiceEditUserInformationByIdLongPassword" time="0.000"/>
  <system-out/>
  <testcase classname="service.UserServiceTests" name="testServiceEditUserInformationByIdEmptyFirstName" time="0.000"/>
  <system-out/>
  <testcase classname="service.UserServiceTests" name="testServiceCreateAccountEmptyFirstName" time="0.000"/>
  <system-out/>
  <testcase classname="service.UserServiceTests" name="testServiceEditUserInformationByIdEmptyLastName" time="0.001"/>
  <system-out/>
  <testcase classname="service.UserServiceTests" name="serviceRequestLoginEmptyUserNameAndPassword" time="0.000"/>
  <system-out/>
  <testcase classname="service.UserServiceTests" name="testServiceCreateAccountEmptyLastName" time="0.000"/>
  <system-out/>
  <testcase classname="service.UserServiceTests" name="testServiceEditUserInformationByIdLongUserName" time="0.000"/>
  <system-out/>
  <testcase classname="service.UserServiceTests" name="testServiceEditUserInformationByIdLongEmail" time="0.000"/>
  <system-out/>
  <testcase classname="service.UserServiceTests" name="testServiceCreateAccountEmptyUserName" time="0.000"/>
  <system-out/>
</testsuite> <!-- service.UserServiceTests -->
