<?xml version="1.0" encoding="UTF-8"?>
<!-- Generated by org.testng.reporters.JUnitReportReporter -->
<testsuite hostname="MSI" failures="0" tests="12" name="service.PostServiceTests" time="0.003" errors="0" timestamp="2022-01-12T12:18:52 PST" skipped="0">
  <testcase classname="service.PostServiceTests" name="serviceDeletePostByIdValid" time="0.000"/>
  <system-out/>
  <testcase classname="service.PostServiceTests" name="serviceGetPostByUserIdValid" time="0.001"/>
  <system-out/>
  <testcase classname="service.PostServiceTests" name="serviceCreatePostLongsString" time="0.000"/>
  <system-out/>
  <testcase classname="service.PostServiceTests" name="serviceGetPostModuleByIdValid" time="0.000"/>
  <system-out/>
  <testcase classname="service.PostServiceTests" name="serviceGetPostByUserIdInvalidId" time="0.000"/>
  <system-out/>
  <testcase classname="service.PostServiceTests" name="serviceCreatePostEmptyString" time="0.000"/>
  <system-out/>
  <testcase classname="service.PostServiceTests" name="serviceGetPostByIdValid" time="0.001"/>
  <system-out/>
  <testcase classname="service.PostServiceTests" name="serviceGetPostModuleByIdInvalidId" time="0.000"/>
  <system-out/>
  <testcase classname="service.PostServiceTests" name="serviceGetPostByIdInvalidId" time="0.000"/>
  <system-out/>
  <testcase classname="service.PostServiceTests" name="serviceCreatePostNegativeUserId" time="0.000"/>
  <system-out/>
  <testcase classname="service.PostServiceTests" name="serviceDeletePostByIdInvalidId" time="0.001"/>
  <system-out/>
  <testcase classname="service.PostServiceTests" name="serviceCreatePostValid" time="0.000"/>
  <system-out/>
</testsuite> <!-- service.PostServiceTests -->
