<?xml version="1.0" encoding="UTF-8"?>
<!-- Generated by org.testng.reporters.JUnitReportReporter -->
<testsuite hostname="MSI" failures="0" tests="18" name="dao.UserDAOTests" time="17.553" errors="0" timestamp="2022-01-12T11:34:54 PST" skipped="0">
  <testcase classname="dao.UserDAOTests" name="testGetUserByIdSuccess" time="0.954"/>
  <system-out/>
  <testcase classname="dao.UserDAOTests" name="testEditUserInformationByIdExistingEmail" time="0.962"/>
  <system-out/>
  <testcase classname="dao.UserDAOTests" name="testRequestLoginIncorrectCredentialsCase2" time="0.954"/>
  <system-out/>
  <testcase classname="dao.UserDAOTests" name="testGetUsersByFirstNameSuccess" time="0.949"/>
  <system-out/>
  <testcase classname="dao.UserDAOTests" name="testGetUserByIdNonExistingId" time="1.051"/>
  <system-out/>
  <testcase classname="dao.UserDAOTests" name="testRequestLoginSuccess" time="0.960"/>
  <system-out/>
  <testcase classname="dao.UserDAOTests" name="testCreateAccountSuccess" time="0.969"/>
  <system-out/>
  <testcase classname="dao.UserDAOTests" name="testCreateAccountExistingEmail" time="0.954"/>
  <system-out/>
  <testcase classname="dao.UserDAOTests" name="testCreateAccountExistingUserName" time="0.963"/>
  <system-out/>
  <testcase classname="dao.UserDAOTests" name="testEditUserInformationByIdSuccess" time="0.950"/>
  <system-out/>
  <testcase classname="dao.UserDAOTests" name="testEditUserInformationByIdExistingName" time="0.969"/>
  <system-out/>
  <testcase classname="dao.UserDAOTests" name="testEditUserInformationByIdNonExistingId" time="1.006"/>
  <system-out/>
  <testcase classname="dao.UserDAOTests" name="testGetUsers" time="0.967"/>
  <system-out/>
  <testcase classname="dao.UserDAOTests" name="testRequestLoginIncorrectCredentialsCase3" time="0.959"/>
  <system-out/>
  <testcase classname="dao.UserDAOTests" name="testRequestLoginIncorrectCredentialsCase1" time="0.958"/>
  <system-out/>
  <testcase classname="dao.UserDAOTests" name="testGetUsersByFirstNameNonExistingFirstName" time="0.964"/>
  <system-out/>
  <testcase classname="dao.UserDAOTests" name="testDeleteUserByIdNonExistingId" time="0.980"/>
  <system-out/>
  <testcase classname="dao.UserDAOTests" name="testDeleteUserByIdSuccess" time="1.084"/>
  <system-out/>
</testsuite> <!-- dao.UserDAOTests -->
