<?xml version="1.0" encoding="UTF-8"?>
<!-- Generated by org.testng.reporters.JUnitReportReporter -->
<testsuite hostname="MSI" failures="0" tests="18" name="dao.UserDAOTests" time="17.174" errors="0" timestamp="2022-01-12T12:18:52 PST" skipped="0">
  <testcase classname="dao.UserDAOTests" name="testRequestLoginIncorrectCredentialsCase1" time="0.946"/>
  <system-out/>
  <testcase classname="dao.UserDAOTests" name="testGetUsers" time="0.934"/>
  <system-out/>
  <testcase classname="dao.UserDAOTests" name="testRequestLoginIncorrectCredentialsCase2" time="0.958"/>
  <system-out/>
  <testcase classname="dao.UserDAOTests" name="testEditUserInformationByIdExistingName" time="0.936"/>
  <system-out/>
  <testcase classname="dao.UserDAOTests" name="testCreateAccountSuccess" time="0.941"/>
  <system-out/>
  <testcase classname="dao.UserDAOTests" name="testEditUserInformationByIdNonExistingId" time="0.942"/>
  <system-out/>
  <testcase classname="dao.UserDAOTests" name="testGetUserByIdSuccess" time="0.926"/>
  <system-out/>
  <testcase classname="dao.UserDAOTests" name="testRequestLoginIncorrectCredentialsCase3" time="0.941"/>
  <system-out/>
  <testcase classname="dao.UserDAOTests" name="testDeleteUserByIdNonExistingId" time="0.935"/>
  <system-out/>
  <testcase classname="dao.UserDAOTests" name="testGetUserByIdNonExistingId" time="0.943"/>
  <system-out/>
  <testcase classname="dao.UserDAOTests" name="testCreateAccountExistingUserName" time="0.948"/>
  <system-out/>
  <testcase classname="dao.UserDAOTests" name="testGetUsersByFirstNameSuccess" time="0.928"/>
  <system-out/>
  <testcase classname="dao.UserDAOTests" name="testGetUsersByFirstNameNonExistingFirstName" time="0.981"/>
  <system-out/>
  <testcase classname="dao.UserDAOTests" name="testCreateAccountExistingEmail" time="1.187"/>
  <system-out/>
  <testcase classname="dao.UserDAOTests" name="testEditUserInformationByIdSuccess" time="0.938"/>
  <system-out/>
  <testcase classname="dao.UserDAOTests" name="testEditUserInformationByIdExistingEmail" time="0.941"/>
  <system-out/>
  <testcase classname="dao.UserDAOTests" name="testRequestLoginSuccess" time="0.923"/>
  <system-out/>
  <testcase classname="dao.UserDAOTests" name="testDeleteUserByIdSuccess" time="0.926"/>
  <system-out/>
</testsuite> <!-- dao.UserDAOTests -->
