<?xml version="1.0" encoding="UTF-8"?>
<!-- Generated by org.testng.reporters.JUnitReportReporter -->
<testsuite hostname="MSI" failures="0" tests="6" name="dao.CommentDAOTests" time="5.659" errors="0" timestamp="2022-01-12T12:18:52 PST" skipped="0">
  <testcase classname="dao.CommentDAOTests" name="selectCommentById" time="0.944"/>
  <system-out/>
  <testcase classname="dao.CommentDAOTests" name="getCommentsByPostId" time="0.932"/>
  <system-out/>
  <testcase classname="dao.CommentDAOTests" name="createComment" time="0.986"/>
  <system-out/>
  <testcase classname="dao.CommentDAOTests" name="getAllComments" time="0.942"/>
  <system-out/>
  <testcase classname="dao.CommentDAOTests" name="deleteCommentById" time="0.928"/>
  <system-out/>
  <testcase classname="dao.CommentDAOTests" name="selectCommentByIdFail" time="0.927"/>
  <system-out/>
</testsuite> <!-- dao.CommentDAOTests -->
