<?xml version="1.0" encoding="UTF-8"?>
<!-- Generated by org.testng.reporters.JUnitReportReporter -->
<testsuite hostname="MSI" failures="0" tests="11" name="service.CommentServiceTests" time="0.014" errors="0" timestamp="2022-01-12T11:34:54 PST" skipped="0">
  <testcase classname="service.CommentServiceTests" name="serviceCreateNegativePostID" time="0.000"/>
  <system-out/>
  <testcase classname="service.CommentServiceTests" name="serviceDeleteCommentByID" time="0.002"/>
  <system-out/>
  <testcase classname="service.CommentServiceTests" name="serviceGetCommentsByPostID" time="0.001"/>
  <system-out/>
  <testcase classname="service.CommentServiceTests" name="serviceGetCommentsByNegativePostID" time="0.000"/>
  <system-out/>
  <testcase classname="service.CommentServiceTests" name="serviceGetCommentByNegativeId" time="0.000"/>
  <system-out/>
  <testcase classname="service.CommentServiceTests" name="serviceDeleteCommentByNegativeId" time="0.000"/>
  <system-out/>
  <testcase classname="service.CommentServiceTests" name="serviceCreateEmptyComment" time="0.000"/>
  <system-out/>
  <testcase classname="service.CommentServiceTests" name="serviceCreateComment" time="0.011"/>
  <system-out/>
  <testcase classname="service.CommentServiceTests" name="serviceGetCommentByID" time="0.000"/>
  <system-out/>
  <testcase classname="service.CommentServiceTests" name="serviceCreateLongComment" time="0.000"/>
  <system-out/>
  <testcase classname="service.CommentServiceTests" name="serviceCreateNegativeUserID" time="0.000"/>
  <system-out/>
</testsuite> <!-- service.CommentServiceTests -->
